
> api-gateway@1.0.0 dev
> nodemon server.js

[33m[nodemon] 2.0.22[39m
[33m[nodemon] to restart at any time, enter `rs`[39m
[33m[nodemon] watching path(s): *.*[39m
[33m[nodemon] watching extensions: js,mjs,json[39m
[32m[nodemon] starting `node server.js`[39m
[HPM] Proxy created: /  -> http://localhost:3001
[HPM] Proxy rewrite rule created: "^/api/auth" ~> "/api/auth"
[HPM] Proxy created: /  -> http://localhost:3001
[HPM] Proxy rewrite rule created: "^/api/main" ~> "/api"
[HPM] Proxy created: /  -> http://localhost:3002
[HPM] Proxy rewrite rule created: "^/api/feature" ~> "/api"
[HPM] Proxy created: /  -> http://localhost:3001
[HPM] Proxy rewrite rule created: "^/feature" ~> "/"
[HPM] Proxy created: /  -> http://localhost:3000
API Gateway running on http://localhost:4000
node:events:497
      throw er; // Unhandled 'error' event
      ^

Error: read EIO
    at TTY.onStreamRead (node:internal/stream_base_commons:217:20)
Emitted 'error' event on ReadStream instance at:
    at emitErrorNT (node:internal/streams/destroy:169:8)
    at emitErrorCloseNT (node:internal/streams/destroy:128:3)
    at process.processTicksAndRejections (node:internal/process/task_queues:82:21) {
  errno: -5,
  code: 'EIO',
  syscall: 'read'
}

Node.js v21.5.0
